[1;32mappbox-vbox output will be in this color.[0m

[1;32m==> appbox-vbox: Starting HTTP server on port 8625[0m
[1;32m==> appbox-vbox: Importing VM: /var/media/images/vbox/sample-app-1.0.0/devbox-vbox/sample-app-1.0.0.ovf[0m
[1;32m==> appbox-vbox: Creating forwarded port mapping for communicator (SSH, WinRM, etc) (host port 2996)[0m
[1;32m==> appbox-vbox: Executing custom VBoxManage commands...[0m
[0;32m    appbox-vbox: Executing: modifyvm sample-app-1.0.0 --memory 2048[0m
[0;32m    appbox-vbox: Executing: modifyvm sample-app-1.0.0 --vram 64[0m
[0;32m    appbox-vbox: Executing: modifyvm sample-app-1.0.0 --cpus 2[0m
[1;32m==> appbox-vbox: Starting the virtual machine...[0m
[1;32m==> appbox-vbox: Waiting 30s for boot...[0m
[1;32m==> appbox-vbox: Typing the boot command...[0m
[1;32m==> appbox-vbox: Waiting for WinRM to become available...[0m
[1;32m==> appbox-vbox: Connected to WinRM![0m
[1;32m==> appbox-vbox: Uploading VirtualBox version info (5.0.20)[0m
[1;32m==> appbox-vbox: Provisioning with Powershell...[0m
[1;32m==> appbox-vbox: Provisioning with shell script: /var/folders/08/5s83vlbn7sqd_1qxc54h6yv40000gn/T/packer-powershell-provisioner242139049[0m
[0;32m    appbox-vbox:[0m
[0;32m    appbox-vbox:[0m
[0;32m    appbox-vbox: Directory: C:\tmp[0m
[0;32m    appbox-vbox:[0m
[0;32m    appbox-vbox:[0m
[0;32m    appbox-vbox: Mode                LastWriteTime         Length Name[0m
[0;32m    appbox-vbox: ----                -------------         ------ ----[0m
[0;32m    appbox-vbox: d-----       22/06/2016     22:13                deploy[0m
[1;32m==> appbox-vbox: Uploading /Users/deluxebrain/Repos/deluxebrain/play-packer-aws-provisioning/MyProject/deploy => c:\tmp\deploy[0m
[1;32m==> appbox-vbox: Provisioning with DSC...[0m
[0;32m    appbox-vbox: Creating DSC staging directory...[0m
[0;32m    appbox-vbox:[0m
[0;32m    appbox-vbox:[0m
[0;32m    appbox-vbox: Directory: C:\tmp\packer[0m
[0;32m    appbox-vbox:[0m
[0;32m    appbox-vbox:[0m
[0;32m    appbox-vbox: Mode                LastWriteTime         Length Name[0m
[0;32m    appbox-vbox: ----                -------------         ------ ----[0m
[0;32m    appbox-vbox: d-----       22/06/2016     22:13                staging[0m
[0;32m    appbox-vbox:[0m
[0;32m    appbox-vbox:[0m
[0;32m    appbox-vbox: Installing PowerShell Package Management[0m
[0;32m    appbox-vbox:[0m
[0;32m    appbox-vbox: Handles  NPM(K)    PM(K)      WS(K) VM(M)   CPU(s)     Id  SI ProcessName[0m
[0;32m    appbox-vbox: -------  ------    -----      ----- -----   ------     --  -- -----------[0m
[0;32m    appbox-vbox: 15       4     4900       2392    20     0.06   2300   0 msiexec[0m
[0;32m    appbox-vbox:[0m
[0;32m    appbox-vbox: ProviderName      : Bootstrap[0m
[0;32m    appbox-vbox: Dependencies      : {}[0m
[0;32m    appbox-vbox: Source            : https://oneget.org/nuget-2.8.5.205.package.swidtag[0m
[0;32m    appbox-vbox: Status            : Installed[0m
[0;32m    appbox-vbox: SearchKey         : https://oneget.org/nuget-2.8.5.205.package.swidtag[0m
[0;32m    appbox-vbox: FullPath          :[0m
[0;32m    appbox-vbox: PackageFilename   : Microsoft.PackageManagement.NuGetProvider.dll[0m
[0;32m    appbox-vbox: FromTrustedSource : False[0m
[0;32m    appbox-vbox: Summary           : NuGet provider for the OneGet meta-package manager[0m
[0;32m    appbox-vbox: SwidTags          : {nuget}[0m
[0;32m    appbox-vbox: CanonicalId       : bootstrap:nuget/2.8.5.205#https://oneget.org/nuget-2.8.5.20[0m
[0;32m    appbox-vbox: 5.package.swidtag[0m
[0;32m    appbox-vbox: Metadata          : {summary,providerName,providerVersion,summary}[0m
[0;32m    appbox-vbox: SwidTagText       : <?xml version="1.0" encoding="utf-16" standalone="yes"?>[0m
[0;32m    appbox-vbox: <SoftwareIdentity[0m
[0;32m    appbox-vbox: name="nuget"[0m
[0;32m    appbox-vbox: version="2.8.5.205"[0m
[0;32m    appbox-vbox: versionScheme="multipartnumeric" xmlns="http://standards.[0m
[0;32m    appbox-vbox: iso.org/iso/19770/-2/2015/schema.xsd">[0m
[0;32m    appbox-vbox: <Meta[0m
[0;32m    appbox-vbox: summary="NuGet provider for the OneGet meta-package[0m
[0;32m    appbox-vbox: manager" />[0m
[0;32m    appbox-vbox: <Meta[0m
[0;32m    appbox-vbox: providerName="nuget"[0m
[0;32m    appbox-vbox: providerVersion="2.8.5.205"[0m
[0;32m    appbox-vbox: summary="NuGet provider for the OneGet meta-package[0m
[0;32m    appbox-vbox: manager" />[0m
[0;32m    appbox-vbox: <Link[0m
[0;32m    appbox-vbox: href="https://oneget.org/Microsoft.PackageManagement.Nu[0m
[0;32m    appbox-vbox: GetProvider-2.8.5.205.dll"[0m
[0;32m    appbox-vbox: rel="installationmedia"[0m
[0;32m    appbox-vbox: type="application/octet-stream"[0m
[0;32m    appbox-vbox: media="(OS:windows)" />[0m
[0;32m    appbox-vbox: </SoftwareIdentity>[0m
[0;32m    appbox-vbox: IsCorpus          :[0m
[0;32m    appbox-vbox: Name              : nuget[0m
[0;32m    appbox-vbox: Version           : 2.8.5.205[0m
[0;32m    appbox-vbox: VersionScheme     : multipartnumeric[0m
[0;32m    appbox-vbox: TagVersion        :[0m
[0;32m    appbox-vbox: TagId             :[0m
[0;32m    appbox-vbox: IsPatch           :[0m
[0;32m    appbox-vbox: IsSupplemental    :[0m
[0;32m    appbox-vbox: AppliesToMedia    :[0m
[0;32m    appbox-vbox: Meta              : {{summary}, {providerName,providerVersion,summary}}[0m
[0;32m    appbox-vbox: Links             : {installationmedia:https://oneget.org/Microsoft.PackageMana[0m
[0;32m    appbox-vbox: gement.NuGetProvider-2.8.5.205.dll}[0m
[0;32m    appbox-vbox: Entities          : {}[0m
[0;32m    appbox-vbox: Payload           :[0m
[0;32m    appbox-vbox: Evidence          :[0m
[0;32m    appbox-vbox: XmlLang           :[0m
[0;32m    appbox-vbox: Attributes        : {name,version,versionScheme}[0m
[0;32m    appbox-vbox:[0m
[0;32m    appbox-vbox:[0m
[0;32m    appbox-vbox: ResourceType  : MSFT_FileDirectoryConfiguration[0m
[0;32m    appbox-vbox: Name          : File[0m
[0;32m    appbox-vbox: FriendlyName  : File[0m
[0;32m    appbox-vbox: Module        :[0m
[0;32m    appbox-vbox: ModuleName    :[0m
[0;32m    appbox-vbox: Version       :[0m
[0;32m    appbox-vbox: Path          :[0m
[0;32m    appbox-vbox: ParentPath    : C:\Windows\system32\Configuration\Schema\MSFT_FileDirectoryConf[0m
[0;32m    appbox-vbox: iguration[0m
[0;32m    appbox-vbox: ImplementedAs : Binary[0m
[0;32m    appbox-vbox: CompanyName   :[0m
[0;32m    appbox-vbox: Properties    : {DestinationPath, Attributes, Checksum, Contents...}[0m
[0;32m    appbox-vbox:[0m
[0;32m    appbox-vbox:[0m
[0;32m    appbox-vbox: ResourceType  : MSFT_ArchiveResource[0m
[0;32m    appbox-vbox: Name          : Archive[0m
[0;32m    appbox-vbox: FriendlyName  : Archive[0m
[0;32m    appbox-vbox: Module        : PSDesiredStateConfiguration[0m
[0;32m    appbox-vbox: ModuleName    : PSDesiredStateConfiguration[0m
[0;32m    appbox-vbox: Version       : 1.1[0m
[0;32m    appbox-vbox: Path          : C:\Windows\system32\WindowsPowershell\v1.0\Modules\PsDesiredSta[0m
[0;32m    appbox-vbox: teConfiguration\DSCResources\MSFT_ArchiveResource\MSFT_ArchiveR[0m
[0;32m    appbox-vbox: esource.psm1[0m
[0;32m    appbox-vbox: ParentPath    : C:\Windows\system32\WindowsPowershell\v1.0\Modules\PsDesiredSta[0m
[0;32m    appbox-vbox: teConfiguration\DSCResources\MSFT_ArchiveResource[0m
[0;32m    appbox-vbox: ImplementedAs : PowerShell[0m
[0;32m    appbox-vbox: CompanyName   : Microsoft Corporation[0m
[0;32m    appbox-vbox: Properties    : {Destination, Path, Checksum, Credential...}[0m
[0;32m    appbox-vbox:[0m
[0;32m    appbox-vbox:[0m
[0;32m    appbox-vbox: ResourceType  : MSFT_EnvironmentResource[0m
[0;32m    appbox-vbox: Name          : Environment[0m
[0;32m    appbox-vbox: FriendlyName  : Environment[0m
[0;32m    appbox-vbox: Module        : PSDesiredStateConfiguration[0m
[0;32m    appbox-vbox: ModuleName    : PSDesiredStateConfiguration[0m
[0;32m    appbox-vbox: Version       : 1.1[0m
[0;32m    appbox-vbox: Path          : C:\Windows\system32\WindowsPowershell\v1.0\Modules\PsDesiredSta[0m
[0;32m    appbox-vbox: teConfiguration\DSCResources\MSFT_EnvironmentResource\MSFT_Envi[0m
[0;32m    appbox-vbox: ronmentResource.psm1[0m
[0;32m    appbox-vbox: ParentPath    : C:\Windows\system32\WindowsPowershell\v1.0\Modules\PsDesiredSta[0m
[0;32m    appbox-vbox: teConfiguration\DSCResources\MSFT_EnvironmentResource[0m
[0;32m    appbox-vbox: ImplementedAs : PowerShell[0m
[0;32m    appbox-vbox: CompanyName   : Microsoft Corporation[0m
[0;32m    appbox-vbox: Properties    : {Name, DependsOn, Ensure, Path...}[0m
[0;32m    appbox-vbox:[0m
[0;32m    appbox-vbox:[0m
[0;32m    appbox-vbox: ResourceType  : MSFT_GroupResource[0m
[0;32m    appbox-vbox: Name          : Group[0m
[0;32m    appbox-vbox: FriendlyName  : Group[0m
[0;32m    appbox-vbox: Module        : PSDesiredStateConfiguration[0m
[0;32m    appbox-vbox: ModuleName    : PSDesiredStateConfiguration[0m
[0;32m    appbox-vbox: Version       : 1.1[0m
[0;32m    appbox-vbox: Path          : C:\Windows\system32\WindowsPowershell\v1.0\Modules\PsDesiredSta[0m
[0;32m    appbox-vbox: teConfiguration\DSCResources\MSFT_GroupResource\MSFT_GroupResou[0m
[0;32m    appbox-vbox: rce.psm1[0m
[0;32m    appbox-vbox: ParentPath    : C:\Windows\system32\WindowsPowershell\v1.0\Modules\PsDesiredSta[0m
[0;32m    appbox-vbox: teConfiguration\DSCResources\MSFT_GroupResource[0m
[0;32m    appbox-vbox: ImplementedAs : PowerShell[0m
[0;32m    appbox-vbox: CompanyName   : Microsoft Corporation[0m
[0;32m    appbox-vbox: Properties    : {GroupName, Credential, DependsOn, Description...}[0m
[0;32m    appbox-vbox:[0m
[0;32m    appbox-vbox:[0m
[0;32m    appbox-vbox: ResourceType  : GroupSet[0m
[0;32m    appbox-vbox: Name          : GroupSet[0m
[0;32m    appbox-vbox: FriendlyName  :[0m
[0;32m    appbox-vbox: Module        : PSDesiredStateConfiguration[0m
[0;32m    appbox-vbox: ModuleName    : PSDesiredStateConfiguration[0m
[0;32m    appbox-vbox: Version       : 1.1[0m
[0;32m    appbox-vbox: Path          : C:\Windows\system32\WindowsPowerShell\v1.0\Modules\PSDesiredSta[0m
[0;32m    appbox-vbox: teConfiguration\DSCResources\GroupSet\GroupSet.Schema.psm1[0m
[0;32m    appbox-vbox: ParentPath    : C:\Windows\system32\WindowsPowerShell\v1.0\Modules\PSDesiredSta[0m
[0;32m    appbox-vbox: teConfiguration\DSCResources\GroupSet[0m
[0;32m    appbox-vbox: ImplementedAs : Composite[0m
[0;32m    appbox-vbox: CompanyName   : Microsoft Corporation[0m
[0;32m    appbox-vbox: Properties    : {DependsOn, GroupName, Ensure, MembersToInclude...}[0m
[0;32m    appbox-vbox:[0m
[0;32m    appbox-vbox:[0m
[0;32m    appbox-vbox: ResourceType  : MSFT_LogResource[0m
[0;32m    appbox-vbox: Name          : Log[0m
[0;32m    appbox-vbox: FriendlyName  : Log[0m
[0;32m    appbox-vbox: Module        : PSDesiredStateConfiguration[0m
[0;32m    appbox-vbox: ModuleName    : PSDesiredStateConfiguration[0m
[0;32m    appbox-vbox: Version       : 1.1[0m
[0;32m    appbox-vbox: Path          :[0m
[0;32m    appbox-vbox: ParentPath    : C:\Windows\system32\WindowsPowershell\v1.0\Modules\PsDesiredSta[0m
[0;32m    appbox-vbox: teConfiguration\DSCResources\MSFT_LogResource[0m
[0;32m    appbox-vbox: ImplementedAs : Binary[0m
[0;32m    appbox-vbox: CompanyName   : Microsoft Corporation[0m
[0;32m    appbox-vbox: Properties    : {Message, DependsOn, PsDscRunAsCredential}[0m
[0;32m    appbox-vbox:[0m
[0;32m    appbox-vbox:[0m
[0;32m    appbox-vbox: ResourceType  : MSFT_PackageResource[0m
[0;32m    appbox-vbox: Name          : Package[0m
[0;32m    appbox-vbox: FriendlyName  : Package[0m
[0;32m    appbox-vbox: Module        : PSDesiredStateConfiguration[0m
[0;32m    appbox-vbox: ModuleName    : PSDesiredStateConfiguration[0m
[0;32m    appbox-vbox: Version       : 1.1[0m
[0;32m    appbox-vbox: Path          : C:\Windows\system32\WindowsPowershell\v1.0\Modules\PsDesiredSta[0m
[0;32m    appbox-vbox: teConfiguration\DSCResources\MSFT_PackageResource\MSFT_PackageR[0m
[0;32m    appbox-vbox: esource.psm1[0m
[0;32m    appbox-vbox: ParentPath    : C:\Windows\system32\WindowsPowershell\v1.0\Modules\PsDesiredSta[0m
[0;32m    appbox-vbox: teConfiguration\DSCResources\MSFT_PackageResource[0m
[0;32m    appbox-vbox: ImplementedAs : PowerShell[0m
[0;32m    appbox-vbox: CompanyName   : Microsoft Corporation[0m
[0;32m    appbox-vbox: Properties    : {Name, Path, ProductId, Arguments...}[0m
[0;32m    appbox-vbox:[0m
[0;32m    appbox-vbox:[0m
[0;32m    appbox-vbox: ResourceType  : ProcessSet[0m
[0;32m    appbox-vbox: Name          : ProcessSet[0m
[0;32m    appbox-vbox: FriendlyName  :[0m
[0;32m    appbox-vbox: Module        : PSDesiredStateConfiguration[0m
[0;32m    appbox-vbox: ModuleName    : PSDesiredStateConfiguration[0m
[0;32m    appbox-vbox: Version       : 1.1[0m
[0;32m    appbox-vbox: Path          : C:\Windows\system32\WindowsPowerShell\v1.0\Modules\PSDesiredSta[0m
[0;32m    appbox-vbox: teConfiguration\DSCResources\ProcessSet\ProcessSet.Schema.psm1[0m
[0;32m    appbox-vbox: ParentPath    : C:\Windows\system32\WindowsPowerShell\v1.0\Modules\PSDesiredSta[0m
[0;32m    appbox-vbox: teConfiguration\DSCResources\ProcessSet[0m
[0;32m    appbox-vbox: ImplementedAs : Composite[0m
[0;32m    appbox-vbox: CompanyName   : Microsoft Corporation[0m
[0;32m    appbox-vbox: Properties    : {DependsOn, Path, Credential, Ensure...}[0m
[0;32m    appbox-vbox:[0m
[0;32m    appbox-vbox:[0m
[0;32m    appbox-vbox: ResourceType  : MSFT_RegistryResource[0m
[0;32m    appbox-vbox: Name          : Registry[0m
[0;32m    appbox-vbox: FriendlyName  : Registry[0m
[0;32m    appbox-vbox: Module        : PSDesiredStateConfiguration[0m
[0;32m    appbox-vbox: ModuleName    : PSDesiredStateConfiguration[0m
[0;32m    appbox-vbox: Version       : 1.1[0m
[0;32m    appbox-vbox: Path          : C:\Windows\system32\WindowsPowershell\v1.0\Modules\PsDesiredSta[0m
[0;32m    appbox-vbox: teConfiguration\DSCResources\MSFT_RegistryResource\MSFT_Registr[0m
[0;32m    appbox-vbox: yResource.psm1[0m
[0;32m    appbox-vbox: ParentPath    : C:\Windows\system32\WindowsPowershell\v1.0\Modules\PsDesiredSta[0m
[0;32m    appbox-vbox: teConfiguration\DSCResources\MSFT_RegistryResource[0m
[0;32m    appbox-vbox: ImplementedAs : PowerShell[0m
[0;32m    appbox-vbox: CompanyName   : Microsoft Corporation[0m
[0;32m    appbox-vbox: Properties    : {Key, ValueName, DependsOn, Ensure...}[0m
[0;32m    appbox-vbox:[0m
[0;32m    appbox-vbox:[0m
[0;32m    appbox-vbox: ResourceType  : MSFT_ScriptResource[0m
[0;32m    appbox-vbox: Name          : Script[0m
[0;32m    appbox-vbox: FriendlyName  : Script[0m
[0;32m    appbox-vbox: Module        : PSDesiredStateConfiguration[0m
[0;32m    appbox-vbox: ModuleName    : PSDesiredStateConfiguration[0m
[0;32m    appbox-vbox: Version       : 1.1[0m
[0;32m    appbox-vbox: Path          : C:\Windows\system32\WindowsPowershell\v1.0\Modules\PsDesiredSta[0m
[0;32m    appbox-vbox: teConfiguration\DSCResources\MSFT_ScriptResource\MSFT_ScriptRes[0m
[0;32m    appbox-vbox: ource.psm1[0m
[0;32m    appbox-vbox: ParentPath    : C:\Windows\system32\WindowsPowershell\v1.0\Modules\PsDesiredSta[0m
[0;32m    appbox-vbox: teConfiguration\DSCResources\MSFT_ScriptResource[0m
[0;32m    appbox-vbox: ImplementedAs : PowerShell[0m
[0;32m    appbox-vbox: CompanyName   : Microsoft Corporation[0m
[0;32m    appbox-vbox: Properties    : {GetScript, SetScript, TestScript, Credential...}[0m
[0;32m    appbox-vbox:[0m
[0;32m    appbox-vbox:[0m
[0;32m    appbox-vbox: ResourceType  : MSFT_ServiceResource[0m
[0;32m    appbox-vbox: Name          : Service[0m
[0;32m    appbox-vbox: FriendlyName  : Service[0m
[0;32m    appbox-vbox: Module        : PSDesiredStateConfiguration[0m
[0;32m    appbox-vbox: ModuleName    : PSDesiredStateConfiguration[0m
[0;32m    appbox-vbox: Version       : 1.1[0m
[0;32m    appbox-vbox: Path          : C:\Windows\system32\WindowsPowershell\v1.0\Modules\PsDesiredSta[0m
[0;32m    appbox-vbox: teConfiguration\DSCResources\MSFT_ServiceResource\MSFT_ServiceR[0m
[0;32m    appbox-vbox: esource.psm1[0m
[0;32m    appbox-vbox: ParentPath    : C:\Windows\system32\WindowsPowershell\v1.0\Modules\PsDesiredSta[0m
[0;32m    appbox-vbox: teConfiguration\DSCResources\MSFT_ServiceResource[0m
[0;32m    appbox-vbox: ImplementedAs : PowerShell[0m
[0;32m    appbox-vbox: CompanyName   : Microsoft Corporation[0m
[0;32m    appbox-vbox: Properties    : {Name, BuiltInAccount, Credential, Dependencies...}[0m
[0;32m    appbox-vbox:[0m
[0;32m    appbox-vbox:[0m
[0;32m    appbox-vbox: ResourceType  : ServiceSet[0m
[0;32m    appbox-vbox: Name          : ServiceSet[0m
[0;32m    appbox-vbox: FriendlyName  :[0m
[0;32m    appbox-vbox: Module        : PSDesiredStateConfiguration[0m
[0;32m    appbox-vbox: ModuleName    : PSDesiredStateConfiguration[0m
[0;32m    appbox-vbox: Version       : 1.1[0m
[0;32m    appbox-vbox: Path          : C:\Windows\system32\WindowsPowerShell\v1.0\Modules\PSDesiredSta[0m
[0;32m    appbox-vbox: teConfiguration\DSCResources\ServiceSet\ServiceSet.Schema.psm1[0m
[0;32m    appbox-vbox: ParentPath    : C:\Windows\system32\WindowsPowerShell\v1.0\Modules\PSDesiredSta[0m
[0;32m    appbox-vbox: teConfiguration\DSCResources\ServiceSet[0m
[0;32m    appbox-vbox: ImplementedAs : Composite[0m
[0;32m    appbox-vbox: CompanyName   : Microsoft Corporation[0m
[0;32m    appbox-vbox: Properties    : {DependsOn, Name, StartupType, BuiltInAccount...}[0m
[0;32m    appbox-vbox:[0m
[0;32m    appbox-vbox:[0m
[0;32m    appbox-vbox: ResourceType  : MSFT_UserResource[0m
[0;32m    appbox-vbox: Name          : User[0m
[0;32m    appbox-vbox: FriendlyName  : User[0m
[0;32m    appbox-vbox: Module        : PSDesiredStateConfiguration[0m
[0;32m    appbox-vbox: ModuleName    : PSDesiredStateConfiguration[0m
[0;32m    appbox-vbox: Version       : 1.1[0m
[0;32m    appbox-vbox: Path          : C:\Windows\system32\WindowsPowershell\v1.0\Modules\PsDesiredSta[0m
[0;32m    appbox-vbox: teConfiguration\DSCResources\MSFT_UserResource\MSFT_UserResourc[0m
[0;32m    appbox-vbox: e.psm1[0m
[0;32m    appbox-vbox: ParentPath    : C:\Windows\system32\WindowsPowershell\v1.0\Modules\PsDesiredSta[0m
[0;32m    appbox-vbox: teConfiguration\DSCResources\MSFT_UserResource[0m
[0;32m    appbox-vbox: ImplementedAs : PowerShell[0m
[0;32m    appbox-vbox: CompanyName   : Microsoft Corporation[0m
[0;32m    appbox-vbox: Properties    : {UserName, DependsOn, Description, Disabled...}[0m
[0;32m    appbox-vbox:[0m
[0;32m    appbox-vbox:[0m
[0;32m    appbox-vbox: ResourceType  : MSFT_WaitForAll[0m
[0;32m    appbox-vbox: Name          : WaitForAll[0m
[0;32m    appbox-vbox: FriendlyName  : WaitForAll[0m
[0;32m    appbox-vbox: Module        : PSDesiredStateConfiguration[0m
[0;32m    appbox-vbox: ModuleName    : PSDesiredStateConfiguration[0m
[0;32m    appbox-vbox: Version       : 1.1[0m
[0;32m    appbox-vbox: Path          : C:\Windows\system32\WindowsPowershell\v1.0\Modules\PsDesiredSta[0m
[0;32m    appbox-vbox: teConfiguration\DSCResources\MSFT_WaitForAll\MSFT_WaitForAll.ps[0m
[0;32m    appbox-vbox: m1[0m
[0;32m    appbox-vbox: ParentPath    : C:\Windows\system32\WindowsPowershell\v1.0\Modules\PsDesiredSta[0m
[0;32m    appbox-vbox: teConfiguration\DSCResources\MSFT_WaitForAll[0m
[0;32m    appbox-vbox: ImplementedAs : PowerShell[0m
[0;32m    appbox-vbox: CompanyName   : Microsoft Corporation[0m
[0;32m    appbox-vbox: Properties    : {NodeName, ResourceName, DependsOn, PsDscRunAsCredential...}[0m
[0;32m    appbox-vbox:[0m
[0;32m    appbox-vbox:[0m
[0;32m    appbox-vbox: ResourceType  : MSFT_WaitForAny[0m
[0;32m    appbox-vbox: Name          : WaitForAny[0m
[0;32m    appbox-vbox: FriendlyName  : WaitForAny[0m
[0;32m    appbox-vbox: Module        : PSDesiredStateConfiguration[0m
[0;32m    appbox-vbox: ModuleName    : PSDesiredStateConfiguration[0m
[0;32m    appbox-vbox: Version       : 1.1[0m
[0;32m    appbox-vbox: Path          : C:\Windows\system32\WindowsPowershell\v1.0\Modules\PsDesiredSta[0m
[0;32m    appbox-vbox: teConfiguration\DSCResources\MSFT_WaitForAny\MSFT_WaitForAny.ps[0m
[0;32m    appbox-vbox: m1[0m
[0;32m    appbox-vbox: ParentPath    : C:\Windows\system32\WindowsPowershell\v1.0\Modules\PsDesiredSta[0m
[0;32m    appbox-vbox: teConfiguration\DSCResources\MSFT_WaitForAny[0m
[0;32m    appbox-vbox: ImplementedAs : PowerShell[0m
[0;32m    appbox-vbox: CompanyName   : Microsoft Corporation[0m
[0;32m    appbox-vbox: Properties    : {NodeName, ResourceName, DependsOn, PsDscRunAsCredential...}[0m
[0;32m    appbox-vbox:[0m
[0;32m    appbox-vbox:[0m
[0;32m    appbox-vbox: ResourceType  : MSFT_WaitForSome[0m
[0;32m    appbox-vbox: Name          : WaitForSome[0m
[0;32m    appbox-vbox: FriendlyName  : WaitForSome[0m
[0;32m    appbox-vbox: Module        : PSDesiredStateConfiguration[0m
[0;32m    appbox-vbox: ModuleName    : PSDesiredStateConfiguration[0m
[0;32m    appbox-vbox: Version       : 1.1[0m
[0;32m    appbox-vbox: Path          : C:\Windows\system32\WindowsPowershell\v1.0\Modules\PsDesiredSta[0m
[0;32m    appbox-vbox: teConfiguration\DSCResources\MSFT_WaitForSome\MSFT_WaitForSome.[0m
[0;32m    appbox-vbox: psm1[0m
[0;32m    appbox-vbox: ParentPath    : C:\Windows\system32\WindowsPowershell\v1.0\Modules\PsDesiredSta[0m
[0;32m    appbox-vbox: teConfiguration\DSCResources\MSFT_WaitForSome[0m
[0;32m    appbox-vbox: ImplementedAs : PowerShell[0m
[0;32m    appbox-vbox: CompanyName   : Microsoft Corporation[0m
[0;32m    appbox-vbox: Properties    : {NodeCount, NodeName, ResourceName, DependsOn...}[0m
[0;32m    appbox-vbox:[0m
[0;32m    appbox-vbox:[0m
[0;32m    appbox-vbox: ResourceType  : MSFT_RoleResource[0m
[0;32m    appbox-vbox: Name          : WindowsFeature[0m
[0;32m    appbox-vbox: FriendlyName  : WindowsFeature[0m
[0;32m    appbox-vbox: Module        : PSDesiredStateConfiguration[0m
[0;32m    appbox-vbox: ModuleName    : PSDesiredStateConfiguration[0m
[0;32m    appbox-vbox: Version       : 1.1[0m
[0;32m    appbox-vbox: Path          : C:\Windows\system32\WindowsPowershell\v1.0\Modules\PsDesiredSta[0m
[0;32m    appbox-vbox: teConfiguration\DSCResources\MSFT_RoleResource\MSFT_RoleResourc[0m
[0;32m    appbox-vbox: e.psm1[0m
[0;32m    appbox-vbox: ParentPath    : C:\Windows\system32\WindowsPowershell\v1.0\Modules\PsDesiredSta[0m
[0;32m    appbox-vbox: teConfiguration\DSCResources\MSFT_RoleResource[0m
[0;32m    appbox-vbox: ImplementedAs : PowerShell[0m
[0;32m    appbox-vbox: CompanyName   : Microsoft Corporation[0m
[0;32m    appbox-vbox: Properties    : {Name, Credential, DependsOn, Ensure...}[0m
[0;32m    appbox-vbox:[0m
[0;32m    appbox-vbox:[0m
[0;32m    appbox-vbox: ResourceType  : WindowsFeatureSet[0m
[0;32m    appbox-vbox: Name          : WindowsFeatureSet[0m
[0;32m    appbox-vbox: FriendlyName  :[0m
[0;32m    appbox-vbox: Module        : PSDesiredStateConfiguration[0m
[0;32m    appbox-vbox: ModuleName    : PSDesiredStateConfiguration[0m
[0;32m    appbox-vbox: Version       : 1.1[0m
[0;32m    appbox-vbox: Path          : C:\Windows\system32\WindowsPowerShell\v1.0\Modules\PSDesiredSta[0m
[0;32m    appbox-vbox: teConfiguration\DSCResources\WindowsFeatureSet\WindowsFeatureSe[0m
[0;32m    appbox-vbox: t.Schema.psm1[0m
[0;32m    appbox-vbox: ParentPath    : C:\Windows\system32\WindowsPowerShell\v1.0\Modules\PSDesiredSta[0m
[0;32m    appbox-vbox: teConfiguration\DSCResources\WindowsFeatureSet[0m
[0;32m    appbox-vbox: ImplementedAs : Composite[0m
[0;32m    appbox-vbox: CompanyName   : Microsoft Corporation[0m
[0;32m    appbox-vbox: Properties    : {DependsOn, Name, Ensure, Source...}[0m
[0;32m    appbox-vbox:[0m
[0;32m    appbox-vbox:[0m
[0;32m    appbox-vbox: ResourceType  : MSFT_WindowsOptionalFeature[0m
[0;32m    appbox-vbox: Name          : WindowsOptionalFeature[0m
[0;32m    appbox-vbox: FriendlyName  : WindowsOptionalFeature[0m
[0;32m    appbox-vbox: Module        : PSDesiredStateConfiguration[0m
[0;32m    appbox-vbox: ModuleName    : PSDesiredStateConfiguration[0m
[0;32m    appbox-vbox: Version       : 1.1[0m
[0;32m    appbox-vbox: Path          : C:\Windows\system32\WindowsPowershell\v1.0\Modules\PsDesiredSta[0m
[0;32m    appbox-vbox: teConfiguration\DSCResources\MSFT_WindowsOptionalFeature\MSFT_W[0m
[0;32m    appbox-vbox: indowsOptionalFeature.psm1[0m
[0;32m    appbox-vbox: ParentPath    : C:\Windows\system32\WindowsPowershell\v1.0\Modules\PsDesiredSta[0m
[0;32m    appbox-vbox: teConfiguration\DSCResources\MSFT_WindowsOptionalFeature[0m
[0;32m    appbox-vbox: ImplementedAs : PowerShell[0m
[0;32m    appbox-vbox: CompanyName   : Microsoft Corporation[0m
[0;32m    appbox-vbox: Properties    : {Name, DependsOn, Ensure, LogLevel...}[0m
[0;32m    appbox-vbox:[0m
[0;32m    appbox-vbox:[0m
[0;32m    appbox-vbox: ResourceType  : WindowsOptionalFeatureSet[0m
[0;32m    appbox-vbox: Name          : WindowsOptionalFeatureSet[0m
[0;32m    appbox-vbox: FriendlyName  :[0m
[0;32m    appbox-vbox: Module        : PSDesiredStateConfiguration[0m
[0;32m    appbox-vbox: ModuleName    : PSDesiredStateConfiguration[0m
[0;32m    appbox-vbox: Version       : 1.1[0m
[0;32m    appbox-vbox: Path          : C:\Windows\system32\WindowsPowerShell\v1.0\Modules\PSDesiredSta[0m
[0;32m    appbox-vbox: teConfiguration\DSCResources\WindowsOptionalFeatureSet\WindowsO[0m
[0;32m    appbox-vbox: ptionalFeatureSet.Schema.psm1[0m
[0;32m    appbox-vbox: ParentPath    : C:\Windows\system32\WindowsPowerShell\v1.0\Modules\PSDesiredSta[0m
[0;32m    appbox-vbox: teConfiguration\DSCResources\WindowsOptionalFeatureSet[0m
[0;32m    appbox-vbox: ImplementedAs : Composite[0m
[0;32m    appbox-vbox: CompanyName   : Microsoft Corporation[0m
[0;32m    appbox-vbox: Properties    : {DependsOn, Name, Ensure, Source...}[0m
[0;32m    appbox-vbox:[0m
[0;32m    appbox-vbox:[0m
[0;32m    appbox-vbox: ResourceType  : MSFT_ProcessResource[0m
[0;32m    appbox-vbox: Name          : WindowsProcess[0m
[0;32m    appbox-vbox: FriendlyName  : WindowsProcess[0m
[0;32m    appbox-vbox: Module        : PSDesiredStateConfiguration[0m
[0;32m    appbox-vbox: ModuleName    : PSDesiredStateConfiguration[0m
[0;32m    appbox-vbox: Version       : 1.1[0m
[0;32m    appbox-vbox: Path          : C:\Windows\system32\WindowsPowershell\v1.0\Modules\PsDesiredSta[0m
[0;32m    appbox-vbox: teConfiguration\DSCResources\MSFT_ProcessResource\MSFT_ProcessR[0m
[0;32m    appbox-vbox: esource.psm1[0m
[0;32m    appbox-vbox: ParentPath    : C:\Windows\system32\WindowsPowershell\v1.0\Modules\PsDesiredSta[0m
[0;32m    appbox-vbox: teConfiguration\DSCResources\MSFT_ProcessResource[0m
[0;32m    appbox-vbox: ImplementedAs : PowerShell[0m
[0;32m    appbox-vbox: CompanyName   : Microsoft Corporation[0m
[0;32m    appbox-vbox: Properties    : {Arguments, Path, Credential, DependsOn...}[0m
[0;32m    appbox-vbox:[0m
[0;32m    appbox-vbox:[0m
[0;32m    appbox-vbox: ResourceType  : MSFT_xDefaultGatewayAddress[0m
[0;32m    appbox-vbox: Name          : xDefaultGatewayAddress[0m
[0;32m    appbox-vbox: FriendlyName  : xDefaultGatewayAddress[0m
[0;32m    appbox-vbox: Module        : xNetworking[0m
[0;32m    appbox-vbox: ModuleName    : xNetworking[0m
[0;32m    appbox-vbox: Version       : 2.9.0.0[0m
[0;32m    appbox-vbox: Path          : C:\Program Files\WindowsPowerShell\Modules\xNetworking\2.9.0.0\[0m
[0;32m    appbox-vbox: DSCResources\MSFT_xDefaultGatewayAddress\MSFT_xDefaultGatewayAd[0m
[0;32m    appbox-vbox: dress.psm1[0m
[0;32m    appbox-vbox: ParentPath    : C:\Program Files\WindowsPowerShell\Modules\xNetworking\2.9.0.0\[0m
[0;32m    appbox-vbox: DSCResources\MSFT_xDefaultGatewayAddress[0m
[0;32m    appbox-vbox: ImplementedAs : PowerShell[0m
[0;32m    appbox-vbox: CompanyName   : Microsoft Corporation[0m
[0;32m    appbox-vbox: Properties    : {AddressFamily, InterfaceAlias, Address, DependsOn...}[0m
[0;32m    appbox-vbox:[0m
[0;32m    appbox-vbox:[0m
[0;32m    appbox-vbox: ResourceType  : MSFT_xDHCPClient[0m
[0;32m    appbox-vbox: Name          : xDHCPClient[0m
[0;32m    appbox-vbox: FriendlyName  : xDHCPClient[0m
[0;32m    appbox-vbox: Module        : xNetworking[0m
[0;32m    appbox-vbox: ModuleName    : xNetworking[0m
[0;32m    appbox-vbox: Version       : 2.9.0.0[0m
[0;32m    appbox-vbox: Path          : C:\Program Files\WindowsPowerShell\Modules\xNetworking\2.9.0.0\[0m
[0;32m    appbox-vbox: DSCResources\MSFT_xDhcpClient\MSFT_xDhcpClient.psm1[0m
[0;32m    appbox-vbox: ParentPath    : C:\Program Files\WindowsPowerShell\Modules\xNetworking\2.9.0.0\[0m
[0;32m    appbox-vbox: DSCResources\MSFT_xDhcpClient[0m
[0;32m    appbox-vbox: ImplementedAs : PowerShell[0m
[0;32m    appbox-vbox: CompanyName   : Microsoft Corporation[0m
[0;32m    appbox-vbox: Properties    : {AddressFamily, InterfaceAlias, State, DependsOn...}[0m
[0;32m    appbox-vbox:[0m
[0;32m    appbox-vbox:[0m
[0;32m    appbox-vbox: ResourceType  : MSFT_xDnsConnectionSuffix[0m
[0;32m    appbox-vbox: Name          : xDnsConnectionSuffix[0m
[0;32m    appbox-vbox: FriendlyName  : xDnsConnectionSuffix[0m
[0;32m    appbox-vbox: Module        : xNetworking[0m
[0;32m    appbox-vbox: ModuleName    : xNetworking[0m
[0;32m    appbox-vbox: Version       : 2.9.0.0[0m
[0;32m    appbox-vbox: Path          : C:\Program Files\WindowsPowerShell\Modules\xNetworking\2.9.0.0\[0m
[0;32m    appbox-vbox: DSCResources\MSFT_xDnsConnectionSuffix\MSFT_xDnsConnectionSuffi[0m
[0;32m    appbox-vbox: x.psm1[0m
[0;32m    appbox-vbox: ParentPath    : C:\Program Files\WindowsPowerShell\Modules\xNetworking\2.9.0.0\[0m
[0;32m    appbox-vbox: DSCResources\MSFT_xDnsConnectionSuffix[0m
[0;32m    appbox-vbox: ImplementedAs : PowerShell[0m
[0;32m    appbox-vbox: CompanyName   : Microsoft Corporation[0m
[0;32m    appbox-vbox: Properties    : {ConnectionSpecificSuffix, InterfaceAlias, DependsOn,[0m
[0;32m    appbox-vbox: Ensure...}[0m
[0;32m    appbox-vbox:[0m
[0;32m    appbox-vbox:[0m
[0;32m    appbox-vbox: ResourceType  : MSFT_xDNSServerAddress[0m
[0;32m    appbox-vbox: Name          : xDNSServerAddress[0m
[0;32m    appbox-vbox: FriendlyName  : xDNSServerAddress[0m
[0;32m    appbox-vbox: Module        : xNetworking[0m
[0;32m    appbox-vbox: ModuleName    : xNetworking[0m
[0;32m    appbox-vbox: Version       : 2.9.0.0[0m
[0;32m    appbox-vbox: Path          : C:\Program Files\WindowsPowerShell\Modules\xNetworking\2.9.0.0\[0m
[0;32m    appbox-vbox: DSCResources\MSFT_xDNSServerAddress\MSFT_xDNSServerAddress.psm1[0m
[0;32m    appbox-vbox: ParentPath    : C:\Program Files\WindowsPowerShell\Modules\xNetworking\2.9.0.0\[0m
[0;32m    appbox-vbox: DSCResources\MSFT_xDNSServerAddress[0m
[0;32m    appbox-vbox: ImplementedAs : PowerShell[0m
[0;32m    appbox-vbox: CompanyName   : Microsoft Corporation[0m
[0;32m    appbox-vbox: Properties    : {Address, AddressFamily, InterfaceAlias, DependsOn...}[0m
[0;32m    appbox-vbox:[0m
[0;32m    appbox-vbox:[0m
[0;32m    appbox-vbox: ResourceType  : MSFT_xFirewall[0m
[0;32m    appbox-vbox: Name          : xFirewall[0m
[0;32m    appbox-vbox: FriendlyName  : xFirewall[0m
[0;32m    appbox-vbox: Module        : xNetworking[0m
[0;32m    appbox-vbox: ModuleName    : xNetworking[0m
[0;32m    appbox-vbox: Version       : 2.9.0.0[0m
[0;32m    appbox-vbox: Path          : C:\Program Files\WindowsPowerShell\Modules\xNetworking\2.9.0.0\[0m
[0;32m    appbox-vbox: DSCResources\MSFT_xFirewall\MSFT_xFirewall.psm1[0m
[0;32m    appbox-vbox: ParentPath    : C:\Program Files\WindowsPowerShell\Modules\xNetworking\2.9.0.0\[0m
[0;32m    appbox-vbox: DSCResources\MSFT_xFirewall[0m
[0;32m    appbox-vbox: ImplementedAs : PowerShell[0m
[0;32m    appbox-vbox: CompanyName   : Microsoft Corporation[0m
[0;32m    appbox-vbox: Properties    : {Name, Action, Authentication, DependsOn...}[0m
[0;32m    appbox-vbox:[0m
[0;32m    appbox-vbox:[0m
[0;32m    appbox-vbox: ResourceType  : MSFT_xHostsFile[0m
[0;32m    appbox-vbox: Name          : xHostsFile[0m
[0;32m    appbox-vbox: FriendlyName  : xHostsFile[0m
[0;32m    appbox-vbox: Module        : xNetworking[0m
[0;32m    appbox-vbox: ModuleName    : xNetworking[0m
[0;32m    appbox-vbox: Version       : 2.9.0.0[0m
[0;32m    appbox-vbox: Path          : C:\Program Files\WindowsPowerShell\Modules\xNetworking\2.9.0.0\[0m
[0;32m    appbox-vbox: DSCResources\MSFT_xHostsFile\MSFT_xHostsFile.psm1[0m
[0;32m    appbox-vbox: ParentPath    : C:\Program Files\WindowsPowerShell\Modules\xNetworking\2.9.0.0\[0m
[0;32m    appbox-vbox: DSCResources\MSFT_xHostsFile[0m
[0;32m    appbox-vbox: ImplementedAs : PowerShell[0m
[0;32m    appbox-vbox: CompanyName   : Microsoft Corporation[0m
[0;32m    appbox-vbox: Properties    : {hostName, ipAddress, DependsOn, Ensure...}[0m
[0;32m    appbox-vbox:[0m
[0;32m    appbox-vbox:[0m
[0;32m    appbox-vbox: ResourceType  : MSFT_xIPAddress[0m
[0;32m    appbox-vbox: Name          : xIPAddress[0m
[0;32m    appbox-vbox: FriendlyName  : xIPAddress[0m
[0;32m    appbox-vbox: Module        : xNetworking[0m
[0;32m    appbox-vbox: ModuleName    : xNetworking[0m
[0;32m    appbox-vbox: Version       : 2.9.0.0[0m
[0;32m    appbox-vbox: Path          : C:\Program Files\WindowsPowerShell\Modules\xNetworking\2.9.0.0\[0m
[0;32m    appbox-vbox: DSCResources\MSFT_xIPAddress\MSFT_xIPAddress.psm1[0m
[0;32m    appbox-vbox: ParentPath    : C:\Program Files\WindowsPowerShell\Modules\xNetworking\2.9.0.0\[0m
[0;32m    appbox-vbox: DSCResources\MSFT_xIPAddress[0m
[0;32m    appbox-vbox: ImplementedAs : PowerShell[0m
[0;32m    appbox-vbox: CompanyName   : Microsoft Corporation[0m
[0;32m    appbox-vbox: Properties    : {InterfaceAlias, IPAddress, AddressFamily, DependsOn...}[0m
[0;32m    appbox-vbox:[0m
[0;32m    appbox-vbox:[0m
[0;32m    appbox-vbox: ResourceType  : MSFT_xNetBIOS[0m
[0;32m    appbox-vbox: Name          : xNetBIOS[0m
[0;32m    appbox-vbox: FriendlyName  : xNetBIOS[0m
[0;32m    appbox-vbox: Module        : xNetworking[0m
[0;32m    appbox-vbox: ModuleName    : xNetworking[0m
[0;32m    appbox-vbox: Version       : 2.9.0.0[0m
[0;32m    appbox-vbox: Path          : C:\Program Files\WindowsPowerShell\Modules\xNetworking\2.9.0.0\[0m
[0;32m    appbox-vbox: DSCResources\MSFT_xNetBIOS\MSFT_xNetBIOS.psm1[0m
[0;32m    appbox-vbox: ParentPath    : C:\Program Files\WindowsPowerShell\Modules\xNetworking\2.9.0.0\[0m
[0;32m    appbox-vbox: DSCResources\MSFT_xNetBIOS[0m
[0;32m    appbox-vbox: ImplementedAs : PowerShell[0m
[0;32m    appbox-vbox: CompanyName   : Microsoft Corporation[0m
[0;32m    appbox-vbox: Properties    : {InterfaceAlias, Setting, DependsOn, PsDscRunAsCredential}[0m
[0;32m    appbox-vbox:[0m
[0;32m    appbox-vbox:[0m
[0;32m    appbox-vbox: ResourceType  : MSFT_xNetConnectionProfile[0m
[0;32m    appbox-vbox: Name          : xNetConnectionProfile[0m
[0;32m    appbox-vbox: FriendlyName  : xNetConnectionProfile[0m
[0;32m    appbox-vbox: Module        : xNetworking[0m
[0;32m    appbox-vbox: ModuleName    : xNetworking[0m
[0;32m    appbox-vbox: Version       : 2.9.0.0[0m
[0;32m    appbox-vbox: Path          : C:\Program Files\WindowsPowerShell\Modules\xNetworking\2.9.0.0\[0m
[0;32m    appbox-vbox: DSCResources\MSFT_xNetConnectionProfile\MSFT_xNetConnectionProf[0m
[0;32m    appbox-vbox: ile.psm1[0m
[0;32m    appbox-vbox: ParentPath    : C:\Program Files\WindowsPowerShell\Modules\xNetworking\2.9.0.0\[0m
[0;32m    appbox-vbox: DSCResources\MSFT_xNetConnectionProfile[0m
[0;32m    appbox-vbox: ImplementedAs : PowerShell[0m
[0;32m    appbox-vbox: CompanyName   : Microsoft Corporation[0m
[0;32m    appbox-vbox: Properties    : {InterfaceAlias, DependsOn, IPv4Connectivity,[0m
[0;32m    appbox-vbox: IPv6Connectivity...}[0m
[0;32m    appbox-vbox:[0m
[0;32m    appbox-vbox:[0m
[0;32m    appbox-vbox: ResourceType  : MSFT_xNetworkTeam[0m
[0;32m    appbox-vbox: Name          : xNetworkTeam[0m
[0;32m    appbox-vbox: FriendlyName  : xNetworkTeam[0m
[0;32m    appbox-vbox: Module        : xNetworking[0m
[0;32m    appbox-vbox: ModuleName    : xNetworking[0m
[0;32m    appbox-vbox: Version       : 2.9.0.0[0m
[0;32m    appbox-vbox: Path          : C:\Program Files\WindowsPowerShell\Modules\xNetworking\2.9.0.0\[0m
[0;32m    appbox-vbox: DSCResources\MSFT_xNetworkTeam\MSFT_xNetworkTeam.psm1[0m
[0;32m    appbox-vbox: ParentPath    : C:\Program Files\WindowsPowerShell\Modules\xNetworking\2.9.0.0\[0m
[0;32m    appbox-vbox: DSCResources\MSFT_xNetworkTeam[0m
[0;32m    appbox-vbox: ImplementedAs : PowerShell[0m
[0;32m    appbox-vbox: CompanyName   : Microsoft Corporation[0m
[0;32m    appbox-vbox: Properties    : {Name, TeamMembers, DependsOn, Ensure...}[0m
[0;32m    appbox-vbox:[0m
[0;32m    appbox-vbox:[0m
[0;32m    appbox-vbox: ResourceType  : MSFT_xRoute[0m
[0;32m    appbox-vbox: Name          : xRoute[0m
[0;32m    appbox-vbox: FriendlyName  : xRoute[0m
[0;32m    appbox-vbox: Module        : xNetworking[0m
[0;32m    appbox-vbox: ModuleName    : xNetworking[0m
[0;32m    appbox-vbox: Version       : 2.9.0.0[0m
[0;32m    appbox-vbox: Path          : C:\Program Files\WindowsPowerShell\Modules\xNetworking\2.9.0.0\[0m
[0;32m    appbox-vbox: DSCResources\MSFT_xRoute\MSFT_xRoute.psm1[0m
[0;32m    appbox-vbox: ParentPath    : C:\Program Files\WindowsPowerShell\Modules\xNetworking\2.9.0.0\[0m
[0;32m    appbox-vbox: DSCResources\MSFT_xRoute[0m
[0;32m    appbox-vbox: ImplementedAs : PowerShell[0m
[0;32m    appbox-vbox: CompanyName   : Microsoft Corporation[0m
[0;32m    appbox-vbox: Properties    : {AddressFamily, DestinationPrefix, InterfaceAlias, NextHop...}[0m
[0;32m    appbox-vbox:[0m
[0;32m    appbox-vbox:[0m
[0;32m    appbox-vbox: ResourceType  : MSFT_xIisFeatureDelegation[0m
[0;32m    appbox-vbox: Name          : xIisFeatureDelegation[0m
[0;32m    appbox-vbox: FriendlyName  : xIisFeatureDelegation[0m
[0;32m    appbox-vbox: Module        : xWebAdministration[0m
[0;32m    appbox-vbox: ModuleName    : xWebAdministration[0m
[0;32m    appbox-vbox: Version       : 1.11.0.0[0m
[0;32m    appbox-vbox: Path          : C:\Program Files\WindowsPowerShell\Modules\xWebAdministration\1[0m
[0;32m    appbox-vbox: .11.0.0\DSCResources\MSFT_xIisFeatureDelegation\MSFT_xIisFeatur[0m
[0;32m    appbox-vbox: eDelegation.psm1[0m
[0;32m    appbox-vbox: ParentPath    : C:\Program Files\WindowsPowerShell\Modules\xWebAdministration\1[0m
[0;32m    appbox-vbox: .11.0.0\DSCResources\MSFT_xIisFeatureDelegation[0m
[0;32m    appbox-vbox: ImplementedAs : PowerShell[0m
[0;32m    appbox-vbox: CompanyName   : Microsoft Corporation[0m
[0;32m    appbox-vbox: Properties    : {OverrideMode, SectionName, DependsOn, PsDscRunAsCredential}[0m
[0;32m    appbox-vbox:[0m
[0;32m    appbox-vbox:[0m
[0;32m    appbox-vbox: ResourceType  : MSFT_xIisHandler[0m
[0;32m    appbox-vbox: Name          : xIisHandler[0m
[0;32m    appbox-vbox: FriendlyName  : xIisHandler[0m
[0;32m    appbox-vbox: Module        : xWebAdministration[0m
[0;32m    appbox-vbox: ModuleName    : xWebAdministration[0m
[0;32m    appbox-vbox: Version       : 1.11.0.0[0m
[0;32m    appbox-vbox: Path          : C:\Program Files\WindowsPowerShell\Modules\xWebAdministration\1[0m
[0;32m    appbox-vbox: .11.0.0\DSCResources\MSFT_xIIsHandler\MSFT_xIIsHandler.psm1[0m
[0;32m    appbox-vbox: ParentPath    : C:\Program Files\WindowsPowerShell\Modules\xWebAdministration\1[0m
[0;32m    appbox-vbox: .11.0.0\DSCResources\MSFT_xIIsHandler[0m
[0;32m    appbox-vbox: ImplementedAs : PowerShell[0m
[0;32m    appbox-vbox: CompanyName   : Microsoft Corporation[0m
[0;32m    appbox-vbox: Properties    : {Ensure, Name, DependsOn, PsDscRunAsCredential}[0m
[0;32m    appbox-vbox:[0m
[0;32m    appbox-vbox:[0m
[0;32m    appbox-vbox: ResourceType  : MSFT_xIisMimeTypeMapping[0m
[0;32m    appbox-vbox: Name          : xIisMimeTypeMapping[0m
[0;32m    appbox-vbox: FriendlyName  : xIisMimeTypeMapping[0m
[0;32m    appbox-vbox: Module        : xWebAdministration[0m
[0;32m    appbox-vbox: ModuleName    : xWebAdministration[0m
[0;32m    appbox-vbox: Version       : 1.11.0.0[0m
[0;32m    appbox-vbox: Path          : C:\Program Files\WindowsPowerShell\Modules\xWebAdministration\1[0m
[0;32m    appbox-vbox: .11.0.0\DSCResources\MSFT_xIisMimeTypeMapping\MSFT_xIisMimeType[0m
[0;32m    appbox-vbox: Mapping.psm1[0m
[0;32m    appbox-vbox: ParentPath    : C:\Program Files\WindowsPowerShell\Modules\xWebAdministration\1[0m
[0;32m    appbox-vbox: .11.0.0\DSCResources\MSFT_xIisMimeTypeMapping[0m
[0;32m    appbox-vbox: ImplementedAs : PowerShell[0m
[0;32m    appbox-vbox: CompanyName   : Microsoft Corporation[0m
[0;32m    appbox-vbox: Properties    : {Ensure, Extension, MimeType, DependsOn...}[0m
[0;32m    appbox-vbox:[0m
[0;32m    appbox-vbox:[0m
[0;32m    appbox-vbox: ResourceType  : MSFT_xIisModule[0m
[0;32m    appbox-vbox: Name          : xIisModule[0m
[0;32m    appbox-vbox: FriendlyName  : xIisModule[0m
[0;32m    appbox-vbox: Module        : xWebAdministration[0m
[0;32m    appbox-vbox: ModuleName    : xWebAdministration[0m
[0;32m    appbox-vbox: Version       : 1.11.0.0[0m
[0;32m    appbox-vbox: Path          : C:\Program Files\WindowsPowerShell\Modules\xWebAdministration\1[0m
[0;32m    appbox-vbox: .11.0.0\DSCResources\MSFT_xIisModule\MSFT_xIisModule.psm1[0m
[0;32m    appbox-vbox: ParentPath    : C:\Program Files\WindowsPowerShell\Modules\xWebAdministration\1[0m
[0;32m    appbox-vbox: .11.0.0\DSCResources\MSFT_xIisModule[0m
[0;32m    appbox-vbox: ImplementedAs : PowerShell[0m
[0;32m    appbox-vbox: CompanyName   : Microsoft Corporation[0m
[0;32m    appbox-vbox: Properties    : {Name, Path, RequestPath, Verb...}[0m
[0;32m    appbox-vbox:[0m
[0;32m    appbox-vbox:[0m
[0;32m    appbox-vbox: ResourceType  : MSFT_xSSLSettings[0m
[0;32m    appbox-vbox: Name          : xSSLSettings[0m
[0;32m    appbox-vbox: FriendlyName  : xSSLSettings[0m
[0;32m    appbox-vbox: Module        : xWebAdministration[0m
[0;32m    appbox-vbox: ModuleName    : xWebAdministration[0m
[0;32m    appbox-vbox: Version       : 1.11.0.0[0m
[0;32m    appbox-vbox: Path          : C:\Program Files\WindowsPowerShell\Modules\xWebAdministration\1[0m
[0;32m    appbox-vbox: .11.0.0\DSCResources\MSFT_xSSLSettings\MSFT_xSSLSettings.psm1[0m
[0;32m    appbox-vbox: ParentPath    : C:\Program Files\WindowsPowerShell\Modules\xWebAdministration\1[0m
[0;32m    appbox-vbox: .11.0.0\DSCResources\MSFT_xSSLSettings[0m
[0;32m    appbox-vbox: ImplementedAs : PowerShell[0m
[0;32m    appbox-vbox: CompanyName   : Microsoft Corporation[0m
[0;32m    appbox-vbox: Properties    : {Bindings, Name, DependsOn, Ensure...}[0m
[0;32m    appbox-vbox:[0m
[0;32m    appbox-vbox:[0m
[0;32m    appbox-vbox: ResourceType  : MSFT_xWebApplication[0m
[0;32m    appbox-vbox: Name          : xWebApplication[0m
[0;32m    appbox-vbox: FriendlyName  : xWebApplication[0m
[0;32m    appbox-vbox: Module        : xWebAdministration[0m
[0;32m    appbox-vbox: ModuleName    : xWebAdministration[0m
[0;32m    appbox-vbox: Version       : 1.11.0.0[0m
[0;32m    appbox-vbox: Path          : C:\Program Files\WindowsPowerShell\Modules\xWebAdministration\1[0m
[0;32m    appbox-vbox: .11.0.0\DSCResources\MSFT_xWebApplication\MSFT_xWebApplication.[0m
[0;32m    appbox-vbox: psm1[0m
[0;32m    appbox-vbox: ParentPath    : C:\Program Files\WindowsPowerShell\Modules\xWebAdministration\1[0m
[0;32m    appbox-vbox: .11.0.0\DSCResources\MSFT_xWebApplication[0m
[0;32m    appbox-vbox: ImplementedAs : PowerShell[0m
[0;32m    appbox-vbox: CompanyName   : Microsoft Corporation[0m
[0;32m    appbox-vbox: Properties    : {Name, PhysicalPath, WebAppPool, Website...}[0m
[0;32m    appbox-vbox:[0m
[0;32m    appbox-vbox:[0m
[0;32m    appbox-vbox: ResourceType  : MSFT_xWebAppPool[0m
[0;32m    appbox-vbox: Name          : xWebAppPool[0m
[0;32m    appbox-vbox: FriendlyName  : xWebAppPool[0m
[0;32m    appbox-vbox: Module        : xWebAdministration[0m
[0;32m    appbox-vbox: ModuleName    : xWebAdministration[0m
[0;32m    appbox-vbox: Version       : 1.11.0.0[0m
[0;32m    appbox-vbox: Path          : C:\Program Files\WindowsPowerShell\Modules\xWebAdministration\1[0m
[0;32m    appbox-vbox: .11.0.0\DSCResources\MSFT_xWebAppPool\MSFT_xWebAppPool.psm1[0m
[0;32m    appbox-vbox: ParentPath    : C:\Program Files\WindowsPowerShell\Modules\xWebAdministration\1[0m
[0;32m    appbox-vbox: .11.0.0\DSCResources\MSFT_xWebAppPool[0m
[0;32m    appbox-vbox: ImplementedAs : PowerShell[0m
[0;32m    appbox-vbox: CompanyName   : Microsoft Corporation[0m
[0;32m    appbox-vbox: Properties    : {Name, autoShutdownExe, autoShutdownParams, autoStart...}[0m
[0;32m    appbox-vbox:[0m
[0;32m    appbox-vbox:[0m
[0;32m    appbox-vbox: ResourceType  : MSFT_xWebAppPoolDefaults[0m
[0;32m    appbox-vbox: Name          : xWebAppPoolDefaults[0m
[0;32m    appbox-vbox: FriendlyName  : xWebAppPoolDefaults[0m
[0;32m    appbox-vbox: Module        : xWebAdministration[0m
[0;32m    appbox-vbox: ModuleName    : xWebAdministration[0m
[0;32m    appbox-vbox: Version       : 1.11.0.0[0m
[0;32m    appbox-vbox: Path          : C:\Program Files\WindowsPowerShell\Modules\xWebAdministration\1[0m
[0;32m    appbox-vbox: .11.0.0\DSCResources\MSFT_xWebAppPoolDefaults\MSFT_xWebAppPoolD[0m
[0;32m    appbox-vbox: efaults.psm1[0m
[0;32m    appbox-vbox: ParentPath    : C:\Program Files\WindowsPowerShell\Modules\xWebAdministration\1[0m
[0;32m    appbox-vbox: .11.0.0\DSCResources\MSFT_xWebAppPoolDefaults[0m
[0;32m    appbox-vbox: ImplementedAs : PowerShell[0m
[0;32m    appbox-vbox: CompanyName   : Microsoft Corporation[0m
[0;32m    appbox-vbox: Properties    : {ApplyTo, DependsOn, IdentityType, ManagedRuntimeVersion...}[0m
[0;32m    appbox-vbox:[0m
[0;32m    appbox-vbox:[0m
[0;32m    appbox-vbox: ResourceType  : MSFT_xWebConfigKeyValue[0m
[0;32m    appbox-vbox: Name          : xWebConfigKeyValue[0m
[0;32m    appbox-vbox: FriendlyName  : xWebConfigKeyValue[0m
[0;32m    appbox-vbox: Module        : xWebAdministration[0m
[0;32m    appbox-vbox: ModuleName    : xWebAdministration[0m
[0;32m    appbox-vbox: Version       : 1.11.0.0[0m
[0;32m    appbox-vbox: Path          : C:\Program Files\WindowsPowerShell\Modules\xWebAdministration\1[0m
[0;32m    appbox-vbox: .11.0.0\DSCResources\MSFT_xWebConfigKeyValue\MSFT_xWebConfigKey[0m
[0;32m    appbox-vbox: Value.psm1[0m
[0;32m    appbox-vbox: ParentPath    : C:\Program Files\WindowsPowerShell\Modules\xWebAdministration\1[0m
[0;32m    appbox-vbox: .11.0.0\DSCResources\MSFT_xWebConfigKeyValue[0m
[0;32m    appbox-vbox: ImplementedAs : PowerShell[0m
[0;32m    appbox-vbox: CompanyName   : Microsoft Corporation[0m
[0;32m    appbox-vbox: Properties    : {ConfigSection, Key, WebsitePath, DependsOn...}[0m
[0;32m    appbox-vbox:[0m
[0;32m    appbox-vbox:[0m
[0;32m    appbox-vbox: ResourceType  : MSFT_xWebsite[0m
[0;32m    appbox-vbox: Name          : xWebsite[0m
[0;32m    appbox-vbox: FriendlyName  : xWebsite[0m
[0;32m    appbox-vbox: Module        : xWebAdministration[0m
[0;32m    appbox-vbox: ModuleName    : xWebAdministration[0m
[0;32m    appbox-vbox: Version       : 1.11.0.0[0m
[0;32m    appbox-vbox: Path          : C:\Program Files\WindowsPowerShell\Modules\xWebAdministration\1[0m
[0;32m    appbox-vbox: .11.0.0\DSCResources\MSFT_xWebsite\MSFT_xWebsite.psm1[0m
[0;32m    appbox-vbox: ParentPath    : C:\Program Files\WindowsPowerShell\Modules\xWebAdministration\1[0m
[0;32m    appbox-vbox: .11.0.0\DSCResources\MSFT_xWebsite[0m
[0;32m    appbox-vbox: ImplementedAs : PowerShell[0m
[0;32m    appbox-vbox: CompanyName   : Microsoft Corporation[0m
[0;32m    appbox-vbox: Properties    : {Name, ApplicationPool, ApplicationType, AuthenticationInfo...}[0m
[0;32m    appbox-vbox:[0m
[0;32m    appbox-vbox:[0m
[0;32m    appbox-vbox: ResourceType  : MSFT_xWebSiteDefaults[0m
[0;32m    appbox-vbox: Name          : xWebSiteDefaults[0m
[0;32m    appbox-vbox: FriendlyName  : xWebSiteDefaults[0m
[0;32m    appbox-vbox: Module        : xWebAdministration[0m
[0;32m    appbox-vbox: ModuleName    : xWebAdministration[0m
[0;32m    appbox-vbox: Version       : 1.11.0.0[0m
[0;32m    appbox-vbox: Path          : C:\Program Files\WindowsPowerShell\Modules\xWebAdministration\1[0m
[0;32m    appbox-vbox: .11.0.0\DSCResources\MSFT_xWebSiteDefaults\MSFT_xWebSiteDefault[0m
[0;32m    appbox-vbox: s.psm1[0m
[0;32m    appbox-vbox: ParentPath    : C:\Program Files\WindowsPowerShell\Modules\xWebAdministration\1[0m
[0;32m    appbox-vbox: .11.0.0\DSCResources\MSFT_xWebSiteDefaults[0m
[0;32m    appbox-vbox: ImplementedAs : PowerShell[0m
[0;32m    appbox-vbox: CompanyName   : Microsoft Corporation[0m
[0;32m    appbox-vbox: Properties    : {ApplyTo, AllowSubDirConfig, DefaultApplicationPool,[0m
[0;32m    appbox-vbox: DependsOn...}[0m
[0;32m    appbox-vbox:[0m
[0;32m    appbox-vbox:[0m
[0;32m    appbox-vbox: ResourceType  : MSFT_xWebVirtualDirectory[0m
[0;32m    appbox-vbox: Name          : xWebVirtualDirectory[0m
[0;32m    appbox-vbox: FriendlyName  : xWebVirtualDirectory[0m
[0;32m    appbox-vbox: Module        : xWebAdministration[0m
[0;32m    appbox-vbox: ModuleName    : xWebAdministration[0m
[0;32m    appbox-vbox: Version       : 1.11.0.0[0m
[0;32m    appbox-vbox: Path          : C:\Program Files\WindowsPowerShell\Modules\xWebAdministration\1[0m
[0;32m    appbox-vbox: .11.0.0\DSCResources\MSFT_xWebVirtualDirectory\MSFT_xWebVirtual[0m
[0;32m    appbox-vbox: Directory.psm1[0m
[0;32m    appbox-vbox: ParentPath    : C:\Program Files\WindowsPowerShell\Modules\xWebAdministration\1[0m
[0;32m    appbox-vbox: .11.0.0\DSCResources\MSFT_xWebVirtualDirectory[0m
[0;32m    appbox-vbox: ImplementedAs : PowerShell[0m
[0;32m    appbox-vbox: CompanyName   : Microsoft Corporation[0m
[0;32m    appbox-vbox: Properties    : {Name, PhysicalPath, WebApplication, Website...}[0m
[0;32m    appbox-vbox:[0m
[0;32m    appbox-vbox: Uploading configuration parameters...[0m
[0;32m    appbox-vbox: Installing PowerShell package 'xWebAdministration'[0m
[0;32m    appbox-vbox: Installing PowerShell package 'xNetworking'[0m
[0;32m    appbox-vbox: Uploading manifest...[0m
[0;32m    appbox-vbox:[0m
[0;32m    appbox-vbox:[0m
[0;32m    appbox-vbox: Directory: C:\tmp\packer\staging[0m
[0;32m    appbox-vbox:[0m
[0;32m    appbox-vbox:[0m
[0;32m    appbox-vbox: Mode                LastWriteTime         Length Name[0m
[0;32m    appbox-vbox: ----                -------------         ------ ----[0m
[0;32m    appbox-vbox: d-----       22/06/2016     22:14                manifest[0m
[0;32m    appbox-vbox:[0m
[0;32m    appbox-vbox:[0m
[0;32m    appbox-vbox: Uploading manifest file from: ../MyProject/dsc/manifests/MyWebsite.ps1[0m
[0;32m    appbox-vbox: Uploading DSC runner from: /tmp/packer-dsc-runner567137789[0m
[0;32m    appbox-vbox: Running DSC: powershell "& { /tmp/packer-dsc-runner567137789.ps1; exit $LastExitCode}"[0m
[0;32m    appbox-vbox: PSModulePath Configured: C:\Users\vagrant\Documents\WindowsPowerShell\Modules;C:\Program Files\WindowsPowerShell\Modules;C:\Windows\system32\WindowsPowerShell\v1.0\Modules[0m
[0;32m    appbox-vbox: Running Configuration file: C:\tmp\packer\staging\manifest\MyWebsite.ps1[0m
[0;32m    appbox-vbox: MyWebsite DSC Config :: MachineName=localhost, WebAppName=MyWebsite[0m
[0;32m    appbox-vbox:[0m
[0;32m    appbox-vbox:[0m
[0;32m    appbox-vbox: Directory: C:\tmp\packer\staging[0m
[0;32m    appbox-vbox:[0m
[0;32m    appbox-vbox:[0m
[0;32m    appbox-vbox: Mode                LastWriteTime         Length Name[0m
[0;32m    appbox-vbox: ----                -------------         ------ ----[0m
[0;32m    appbox-vbox: -a----       22/06/2016     22:14           7874 localhost.mof[0m
[0;32m    appbox-vbox: VERBOSE: Perform operation 'Invoke CimMethod' with following parameters,[0m
[0;32m    appbox-vbox: ''methodName' = SendConfigurationApply,'className' =[0m
[0;32m    appbox-vbox: MSFT_DSCLocalConfigurationManager,'namespaceName' =[0m
[0;32m    appbox-vbox: root/Microsoft/Windows/DesiredStateConfiguration'.[0m
[0;32m    appbox-vbox: VERBOSE: An LCM method call arrived from computer MFAPI with user sid[0m
[0;32m    appbox-vbox: S-1-5-21-1854496099-669826861-761380731-1001.[0m
[0;32m    appbox-vbox: VERBOSE: [MFAPI]: LCM:  [ Start  Set      ][0m
[0;32m    appbox-vbox: VERBOSE: [MFAPI]: LCM:  [ Start  Resource ]  [[WindowsFeature]IIS][0m
[0;32m    appbox-vbox: VERBOSE: [MFAPI]: LCM:  [ Start  Test     ]  [[WindowsFeature]IIS][0m
[0;32m    appbox-vbox: VERBOSE: [MFAPI]:                            [[WindowsFeature]IIS] The[0m
[0;32m    appbox-vbox: operation 'Get-WindowsFeature' started: Web-Server[0m
[0;32m    appbox-vbox: VERBOSE: [MFAPI]:                            [[WindowsFeature]IIS] The[0m
[0;32m    appbox-vbox: operation 'Get-WindowsFeature' succeeded: Web-Server[0m
[0;32m    appbox-vbox: VERBOSE: [MFAPI]: LCM:  [ End    Test     ]  [[WindowsFeature]IIS]  in 1.2970[0m
[0;32m    appbox-vbox: seconds.[0m
[0;32m    appbox-vbox: VERBOSE: [MFAPI]: LCM:  [ Skip   Set      ]  [[WindowsFeature]IIS][0m
[0;32m    appbox-vbox: VERBOSE: [MFAPI]: LCM:  [ End    Resource ]  [[WindowsFeature]IIS][0m
[0;32m    appbox-vbox: VERBOSE: [MFAPI]: LCM:  [ Start  Resource ][0m
[0;32m    appbox-vbox: [[WindowsFeature]IISManagerFeature][0m
[0;32m    appbox-vbox: VERBOSE: [MFAPI]: LCM:  [ Start  Test     ][0m
[0;32m    appbox-vbox: [[WindowsFeature]IISManagerFeature][0m
[0;32m    appbox-vbox: VERBOSE: [MFAPI]:[0m
[0;32m    appbox-vbox: [[WindowsFeature]IISManagerFeature] The operation 'Get-WindowsFeature' started:[0m
[0;32m    appbox-vbox: Web-Mgmt-Tools[0m
[0;32m    appbox-vbox: VERBOSE: [MFAPI]:[0m
[0;32m    appbox-vbox: [[WindowsFeature]IISManagerFeature] The operation 'Get-WindowsFeature'[0m
[0;32m    appbox-vbox: succeeded: Web-Mgmt-Tools[0m
[0;32m    appbox-vbox: VERBOSE: [MFAPI]: LCM:  [ End    Test     ][0m
[0;32m    appbox-vbox: [[WindowsFeature]IISManagerFeature]  in 0.3910 seconds.[0m
[0;32m    appbox-vbox: VERBOSE: [MFAPI]: LCM:  [ Skip   Set      ][0m
[0;32m    appbox-vbox: [[WindowsFeature]IISManagerFeature][0m
[0;32m    appbox-vbox: VERBOSE: [MFAPI]: LCM:  [ End    Resource ][0m
[0;32m    appbox-vbox: [[WindowsFeature]IISManagerFeature][0m
[0;32m    appbox-vbox: VERBOSE: [MFAPI]: LCM:  [ Start  Resource ]  [[xFirewall]webFirewall][0m
[0;32m    appbox-vbox: VERBOSE: [MFAPI]: LCM:  [ Start  Test     ]  [[xFirewall]webFirewall][0m
[0;32m    appbox-vbox: VERBOSE: [MFAPI]:                            [[xFirewall]webFirewall][0m
[0;32m    appbox-vbox: Test-TargetResource: Checking settings for firewall rule with Name[0m
[0;32m    appbox-vbox: 'WebFirewallOpen'.[0m
[0;32m    appbox-vbox: VERBOSE: [MFAPI]:                            [[xFirewall]webFirewall][0m
[0;32m    appbox-vbox: Test-TargetResource: Find firewall rule with Name 'WebFirewallOpen'.[0m
[0;32m    appbox-vbox: VERBOSE: [MFAPI]:                            [[xFirewall]webFirewall][0m
[0;32m    appbox-vbox: Get-FirewallRule: No Firewall Rule found with Name 'WebFirewallOpen'.[0m
[0;32m    appbox-vbox: VERBOSE: [MFAPI]:                            [[xFirewall]webFirewall][0m
[0;32m    appbox-vbox: Test-TargetResource: Firewall rule with Name 'WebFirewallOpen' does not exist.[0m
[0;32m    appbox-vbox: VERBOSE: [MFAPI]:                            [[xFirewall]webFirewall][0m
[0;32m    appbox-vbox: Test-TargetResource: Check Firewall rule with Name 'WebFirewallOpen' returning[0m
[0;32m    appbox-vbox: False.[0m
[0;32m    appbox-vbox: VERBOSE: [MFAPI]: LCM:  [ End    Test     ]  [[xFirewall]webFirewall]  in[0m
[0;32m    appbox-vbox: 2.8130 seconds.[0m
[0;32m    appbox-vbox: VERBOSE: [MFAPI]: LCM:  [ Start  Set      ]  [[xFirewall]webFirewall][0m
[0;32m    appbox-vbox: VERBOSE: [MFAPI]:                            [[xFirewall]webFirewall][0m
[0;32m    appbox-vbox: Set-TargetResource: Applying settings for firewall rule with Name[0m
[0;32m    appbox-vbox: 'WebFirewallOpen'.[0m
[0;32m    appbox-vbox: VERBOSE: [MFAPI]:                            [[xFirewall]webFirewall][0m
[0;32m    appbox-vbox: Set-TargetResource: Find firewall rule with Name 'WebFirewallOpen'.[0m
[0;32m    appbox-vbox: VERBOSE: [MFAPI]:                            [[xFirewall]webFirewall][0m
[0;32m    appbox-vbox: Get-FirewallRule: No Firewall Rule found with Name 'WebFirewallOpen'.[0m
[0;32m    appbox-vbox: VERBOSE: [MFAPI]:                            [[xFirewall]webFirewall][0m
[0;32m    appbox-vbox: Set-TargetResource: We want the firewall rule with Name 'WebFirewallOpen' to[0m
[0;32m    appbox-vbox: exist since Ensure is set to Present.[0m
[0;32m    appbox-vbox: VERBOSE: [MFAPI]:                            [[xFirewall]webFirewall][0m
[0;32m    appbox-vbox: Set-TargetResource: We want the firewall rule with Name 'WebFirewallOpen' to[0m
[0;32m    appbox-vbox: exist, but it does not.[0m
[0;32m    appbox-vbox: VERBOSE: [MFAPI]:                            [[xFirewall]webFirewall][0m
[0;32m    appbox-vbox: New-NetFirewallRule DisplayName: WebFirewallOpen[0m
[0;32m    appbox-vbox: VERBOSE: [MFAPI]: LCM:  [ End    Set      ]  [[xFirewall]webFirewall]  in[0m
[0;32m    appbox-vbox: 0.2190 seconds.[0m
[0;32m    appbox-vbox: VERBOSE: [MFAPI]: LCM:  [ End    Resource ]  [[xFirewall]webFirewall][0m
[0;32m    appbox-vbox: VERBOSE: [MFAPI]: LCM:  [ Start  Resource ]  [[xWebsite]DefaultSite][0m
[0;32m    appbox-vbox: VERBOSE: [MFAPI]: LCM:  [ Start  Test     ]  [[xWebsite]DefaultSite][0m
[0;32m    appbox-vbox: VERBOSE: [MFAPI]:                            [[xWebsite]DefaultSite] The Ensure[0m
[0;32m    appbox-vbox: state for website "Default Web Site" does not match the desired state.[0m
[0;32m    appbox-vbox: VERBOSE: [MFAPI]:                            [[xWebsite]DefaultSite] The target[0m
[0;32m    appbox-vbox: resource is not in the desired state.[0m
[0;32m    appbox-vbox: VERBOSE: [MFAPI]: LCM:  [ End    Test     ]  [[xWebsite]DefaultSite]  in 2.4220[0m
[0;32m    appbox-vbox: seconds.[0m
[0;32m    appbox-vbox: VERBOSE: [MFAPI]: LCM:  [ Start  Set      ]  [[xWebsite]DefaultSite][0m
[0;32m    appbox-vbox: VERBOSE: [MFAPI]: LCM:  [ End    Set      ]  [[xWebsite]DefaultSite]  in 0.1240[0m
[0;32m    appbox-vbox: seconds.[0m
[0;32m    appbox-vbox: VERBOSE: [MFAPI]: LCM:  [ End    Resource ]  [[xWebsite]DefaultSite][0m
[0;32m    appbox-vbox: VERBOSE: [MFAPI]: LCM:  [ Start  Resource ]  [[File]WebProject][0m
[0;32m    appbox-vbox: VERBOSE: [MFAPI]: LCM:  [ Start  Test     ]  [[File]WebProject][0m
[0;32m    appbox-vbox: VERBOSE: [MFAPI]:                            [[File]WebProject] The system[0m
[0;32m    appbox-vbox: cannot find the file specified.[0m
[0;32m    appbox-vbox: VERBOSE: [MFAPI]:                            [[File]WebProject] The related[0m
[0;32m    appbox-vbox: file/directory is: c:\inetpub\wwwroot\MyWebsite.[0m
[0;32m    appbox-vbox: VERBOSE: [MFAPI]:                            [[File]WebProject] Building file[0m
[0;32m    appbox-vbox: list from cache.[0m
[0;32m    appbox-vbox: VERBOSE: [MFAPI]: LCM:  [ End    Test     ]  [[File]WebProject]  in 0.0160[0m
[0;32m    appbox-vbox: seconds.[0m
[0;32m    appbox-vbox: VERBOSE: [MFAPI]: LCM:  [ Start  Set      ]  [[File]WebProject][0m
[0;32m    appbox-vbox: VERBOSE: [MFAPI]:                            [[File]WebProject] The system[0m
[0;32m    appbox-vbox: cannot find the file specified.[0m
[0;32m    appbox-vbox: VERBOSE: [MFAPI]:                            [[File]WebProject] The related[0m
[0;32m    appbox-vbox: file/directory is: c:\inetpub\wwwroot\MyWebsite.[0m
[0;32m    appbox-vbox: VERBOSE: [MFAPI]:                            [[File]WebProject] Building file[0m
[0;32m    appbox-vbox: list from cache.[0m
[0;32m    appbox-vbox: VERBOSE: [MFAPI]:                            [[File]WebProject] Copying file[0m
[0;32m    appbox-vbox: c:\tmp\deploy\MyWebsite\index.html to c:\inetpub\wwwroot\MyWebsite\index.html.[0m
[0;32m    appbox-vbox: VERBOSE: [MFAPI]: LCM:  [ End    Set      ]  [[File]WebProject]  in 0.0160[0m
[0;32m    appbox-vbox: seconds.[0m
[0;32m    appbox-vbox: VERBOSE: [MFAPI]: LCM:  [ End    Resource ]  [[File]WebProject][0m
[0;32m    appbox-vbox: VERBOSE: [MFAPI]: LCM:  [ Start  Resource ]  [[xWebAppPool]MyWebsite][0m
[0;32m    appbox-vbox: VERBOSE: [MFAPI]: LCM:  [ Start  Test     ]  [[xWebAppPool]MyWebsite][0m
[0;32m    appbox-vbox: VERBOSE: [MFAPI]:                            [[xWebAppPool]MyWebsite][0m
[0;32m    appbox-vbox: Application pool "MyWebsite" was not found.[0m
[0;32m    appbox-vbox: VERBOSE: [MFAPI]:                            [[xWebAppPool]MyWebsite] The[0m
[0;32m    appbox-vbox: "Ensure" state of application pool "MyWebsite" does not match the desired[0m
[0;32m    appbox-vbox: state.[0m
[0;32m    appbox-vbox: VERBOSE: [MFAPI]:                            [[xWebAppPool]MyWebsite] The[0m
[0;32m    appbox-vbox: target resource is not in the desired state.[0m
[0;32m    appbox-vbox: VERBOSE: [MFAPI]: LCM:  [ End    Test     ]  [[xWebAppPool]MyWebsite]  in[0m
[0;32m    appbox-vbox: 0.1100 seconds.[0m
[0;32m    appbox-vbox: VERBOSE: [MFAPI]: LCM:  [ Start  Set      ]  [[xWebAppPool]MyWebsite][0m
[0;32m    appbox-vbox: VERBOSE: [MFAPI]:                            [[xWebAppPool]MyWebsite][0m
[0;32m    appbox-vbox: Performing the operation "Set-TargetResource" on target "MyWebsite".[0m
[0;32m    appbox-vbox: VERBOSE: [MFAPI]:                            [[xWebAppPool]MyWebsite][0m
[0;32m    appbox-vbox: Application pool "MyWebsite" was not found.[0m
[0;32m    appbox-vbox: VERBOSE: [MFAPI]:                            [[xWebAppPool]MyWebsite] Creating[0m
[0;32m    appbox-vbox: application pool "MyWebsite".[0m
[0;32m    appbox-vbox: VERBOSE: [MFAPI]: LCM:  [ End    Set      ]  [[xWebAppPool]MyWebsite]  in[0m
[0;32m    appbox-vbox: 0.2180 seconds.[0m
[0;32m    appbox-vbox: VERBOSE: [MFAPI]: LCM:  [ End    Resource ]  [[xWebAppPool]MyWebsite][0m
[0;32m    appbox-vbox: VERBOSE: [MFAPI]: LCM:  [ Start  Resource ]  [[xWebsite]MyWebsite][0m
[0;32m    appbox-vbox: VERBOSE: [MFAPI]: LCM:  [ Start  Test     ]  [[xWebsite]MyWebsite][0m
[0;32m    appbox-vbox: VERBOSE: [MFAPI]:                            [[xWebsite]MyWebsite] The Ensure[0m
[0;32m    appbox-vbox: state for website "MyWebsite" does not match the desired state.[0m
[0;32m    appbox-vbox: VERBOSE: [MFAPI]:                            [[xWebsite]MyWebsite] The target[0m
[0;32m    appbox-vbox: resource is not in the desired state.[0m
[0;32m    appbox-vbox: VERBOSE: [MFAPI]: LCM:  [ End    Test     ]  [[xWebsite]MyWebsite]  in 0.0470[0m
[0;32m    appbox-vbox: seconds.[0m
[0;32m    appbox-vbox: VERBOSE: [MFAPI]: LCM:  [ Start  Set      ]  [[xWebsite]MyWebsite][0m
[0;32m    appbox-vbox: VERBOSE: [MFAPI]:                            [[xWebsite]MyWebsite] Performing[0m
[0;32m    appbox-vbox: the operation "Set Item" on target "Item: ConfirmPreference Value: High".[0m
[0;32m    appbox-vbox: VERBOSE: [MFAPI]: LCM:  [ End    Set      ]  [[xWebsite]MyWebsite]  in 1.5620[0m
[0;32m    appbox-vbox: seconds.[0m
[0;32m    appbox-vbox: VERBOSE: [MFAPI]: LCM:  [ End    Resource ]  [[xWebsite]MyWebsite][0m
[0;32m    appbox-vbox: VERBOSE: [MFAPI]: LCM:  [ End    Set      ][0m
[0;32m    appbox-vbox: VERBOSE: [MFAPI]: LCM:  [ End    Set      ]    in  10.1410 seconds.[0m
[0;32m    appbox-vbox: VERBOSE: Operation 'Invoke CimMethod' complete.[0m
[0;32m    appbox-vbox: VERBOSE: Time taken for configuration job to complete is 15.45 seconds[0m
[1;32m==> appbox-vbox: Gracefully halting virtual machine...[0m
[1;32m==> appbox-vbox: Preparing to export machine...[0m
[0;32m    appbox-vbox: Deleting forwarded port mapping for the communicator (SSH, WinRM, etc) (host port 2996)[0m
[1;32m==> appbox-vbox: Exporting virtual machine...[0m
[0;32m    appbox-vbox: Executing: export sample-app-1.0.0 --output /var/media/images/vbox/sample-app-1.0.0/appbox-vbox/sample-app-1.0.0.ovf[0m
[1;32m==> appbox-vbox: Unregistering and deleting imported VM...[0m
[1;32m==> appbox-vbox: Running post-processor: vagrant[0m
[1;32m==> appbox-vbox (vagrant): Creating Vagrant box for 'virtualbox' provider[0m
[0;32m    appbox-vbox (vagrant): Copying from artifact: /var/media/images/vbox/sample-app-1.0.0/appbox-vbox/sample-app-1.0.0-disk1.vmdk[0m
[0;32m    appbox-vbox (vagrant): Copying from artifact: /var/media/images/vbox/sample-app-1.0.0/appbox-vbox/sample-app-1.0.0.ovf[0m
[0;32m    appbox-vbox (vagrant): Renaming the OVF to box.ovf...[0m
[0;32m    appbox-vbox (vagrant): Using custom Vagrantfile: vagrantfile-windows_2012_r2.template[0m
[0;32m    appbox-vbox (vagrant): Compressing: Vagrantfile[0m
[0;32m    appbox-vbox (vagrant): Compressing: box.ovf[0m
[0;32m    appbox-vbox (vagrant): Compressing: metadata.json[0m
[0;32m    appbox-vbox (vagrant): Compressing: sample-app-1.0.0-disk1.vmdk[0m
[1;32mBuild 'appbox-vbox' finished.[0m

==> Builds finished. The artifacts of successful builds are:
--> appbox-vbox: VM files in directory: /var/media/images/vbox/sample-app-1.0.0/appbox-vbox/
--> appbox-vbox: 'virtualbox' provider box: /var/media/images/vagrant/sample-app-1.0.0/appbox-vbox/sample-app-1.0.0.box
